time,type,step,message
2018-06-10 23:43:58,Message,,"LoadTest started at Sun Jun 10 23:43:58 IST 2018"
2018-06-10 23:44:15,Step Status,Request for State,"TestStep [Request for State] result status is FAILED; [[Verify if the Statename is correct.] Assertion failed for path [$.results[0].address_components[1].long_name] : PathNotFoundException:Array index [Ljava.lang.String;@4c65a573 not found in path, [Verify the Country name] Missing token [Australia] in Response, [Script Assertion] Cannot get property 'address_components' on null object] [threadIndex=0]"
2018-06-10 23:44:16,Step Status,Request for State,"TestStep [Request for State] result status is FAILED; [[Verify if the Statename is correct.] Assertion failed for path [$.results[0].address_components[1].long_name] : PathNotFoundException:Array index [Ljava.lang.String;@35e15ae7 not found in path, [Verify the Country name] Missing token [Australia] in Response, [Script Assertion] Cannot get property 'address_components' on null object] [threadIndex=7]"
2018-06-10 23:44:16,Step Status,Request for State,"TestStep [Request for State] result status is FAILED; [[Verify if the Statename is correct.] Assertion failed for path [$.results[0].address_components[1].long_name] : PathNotFoundException:Array index [Ljava.lang.String;@56326f4e not found in path, [Verify the Country name] Missing token [Australia] in Response, [Script Assertion] Cannot get property 'address_components' on null object] [threadIndex=5]"
2018-06-10 23:44:16,Step Status,Request for State,"TestStep [Request for State] result status is FAILED; [[Verify if the Statename is correct.] Assertion failed for path [$.results[0].address_components[1].long_name] : PathNotFoundException:Array index [Ljava.lang.String;@4ec7340e not found in path, [Verify the Country name] Missing token [Australia] in Response, [Script Assertion] Cannot get property 'address_components' on null object] [threadIndex=8]"
2018-06-10 23:44:17,Step Status,Request for State,"TestStep [Request for State] result status is FAILED; [[Verify if the Statename is correct.] Assertion failed for path [$.results[0].address_components[1].long_name] : PathNotFoundException:Array index [Ljava.lang.String;@2f59c926 not found in path, [Verify the Country name] Missing token [Australia] in Response, [Script Assertion] Cannot get property 'address_components' on null object] [threadIndex=3]"
2018-06-10 23:44:18,Step Status,Request for State,"TestStep [Request for State] result status is FAILED; [[Verify if the Statename is correct.] Assertion failed for path [$.results[0].address_components[1].long_name] : PathNotFoundException:Array index [Ljava.lang.String;@3dc225b9 not found in path, [Verify the Country name] Missing token [Australia] in Response, [Script Assertion] Cannot get property 'address_components' on null object] [threadIndex=5]"
2018-06-10 23:44:18,Step Status,Request for State,"TestStep [Request for State] result status is FAILED; [[Verify if the Statename is correct.] Assertion failed for path [$.results[0].address_components[1].long_name] : PathNotFoundException:Array index [Ljava.lang.String;@2d73effa not found in path, [Verify the Country name] Missing token [Australia] in Response, [Script Assertion] Cannot get property 'address_components' on null object] [threadIndex=7]"
2018-06-10 23:44:20,Step Status,Request for State,"TestStep [Request for State] result status is FAILED; [[Verify if the Statename is correct.] Assertion failed for path [$.results[0].address_components[1].long_name] : PathNotFoundException:Array index [Ljava.lang.String;@49979b26 not found in path, [Verify the Country name] Missing token [Australia] in Response, [Script Assertion] Cannot get property 'address_components' on null object] [threadIndex=3]"
2018-06-10 23:44:20,Step Status,Request for State,"TestStep [Request for State] result status is FAILED; [[Verify if the Statename is correct.] Assertion failed for path [$.results[0].address_components[1].long_name] : PathNotFoundException:Array index [Ljava.lang.String;@41f4c943 not found in path, [Verify the Country name] Missing token [Australia] in Response, [Script Assertion] Cannot get property 'address_components' on null object] [threadIndex=7]"
2018-06-10 23:44:22,Step Status,Request for State,"TestStep [Request for State] result status is FAILED; [[Verify if the Statename is correct.] Assertion failed for path [$.results[0].address_components[1].long_name] : PathNotFoundException:Array index [Ljava.lang.String;@45d5a1b8 not found in path, [Verify the Country name] Missing token [Australia] in Response, [Script Assertion] Cannot get property 'address_components' on null object] [threadIndex=2]"
2018-06-10 23:44:22,Step Status,Request for State,"TestStep [Request for State] result status is FAILED; [[Verify if the Statename is correct.] Assertion failed for path [$.results[0].address_components[1].long_name] : PathNotFoundException:Array index [Ljava.lang.String;@2515b73e not found in path, [Verify the Country name] Missing token [Australia] in Response, [Script Assertion] Cannot get property 'address_components' on null object] [threadIndex=4]"
2018-06-10 23:44:22,Step Status,Request for State,"TestStep [Request for State] result status is FAILED; [[Verify if the Statename is correct.] Assertion failed for path [$.results[0].address_components[1].long_name] : PathNotFoundException:Array index [Ljava.lang.String;@5d724e31 not found in path, [Verify the Country name] Missing token [Australia] in Response, [Script Assertion] Cannot get property 'address_components' on null object] [threadIndex=7]"
2018-06-10 23:44:24,Step Status,Request for State,"TestStep [Request for State] result status is FAILED; [[Verify if the Statename is correct.] Assertion failed for path [$.results[0].address_components[1].long_name] : PathNotFoundException:Array index [Ljava.lang.String;@7eb2737 not found in path, [Verify the Country name] Missing token [Australia] in Response, [Script Assertion] Cannot get property 'address_components' on null object] [threadIndex=2]"
2018-06-10 23:44:26,Step Status,Request for State,"TestStep [Request for State] result status is FAILED; [[Verify if the Statename is correct.] Assertion failed for path [$.results[0].address_components[1].long_name] : PathNotFoundException:Array index [Ljava.lang.String;@1a71a0e0 not found in path, [Verify the Country name] Missing token [Australia] in Response, [Script Assertion] Cannot get property 'address_components' on null object] [threadIndex=9]"
2018-06-10 23:44:28,Step Status,Request for State,"TestStep [Request for State] result status is FAILED; [[Verify if the Statename is correct.] Assertion failed for path [$.results[0].address_components[1].long_name] : PathNotFoundException:Array index [Ljava.lang.String;@79a55697 not found in path, [Verify the Country name] Missing token [Australia] in Response, [Script Assertion] Cannot get property 'address_components' on null object] [threadIndex=0]"
