<?xml version="1.0" encoding="UTF-8"?>
<testsuite name="My first SoapUI Project.TestSuite 1" tests="5" failures="1" errors="0" time="9.118"><properties>
[...]
</properties><testcase name="TestCase 1" time="0.976"><properties><property name="city" value="Melbourne"/><property name="state" value="Victoria"/></properties></testcase><testcase name="TestCase 1" time="1.032"><properties><property name="city" value="Brisbane"/><property name="state" value="Queensland"/></properties></testcase><testcase name="TestCase 1" time="0.894"><properties><property name="city" value="no name city"/><property name="state" value="No Name Country"/></properties><failure type="Cancelling due to failed test step" message="Cancelling due to failed test step"><![CDATA[<h3><b>Request for State Failed</b></h3><pre>[Verify if the Statename is correct.] Comparison failed for path [$.results[0].address_components[1].long_name], expecting [No Name Country], actual was [Pleasant Valley Drive]
[Verify the Country name] Missing token [Australia] in Response
[Script Assertion] assert json.results[0].address_components[1].long_name == context.expand('${#TestCase#State}')
       |    |      |   |                 |   |         |  |       |
       |    |      |   |                 |   |         |  |       No Name Country
       |    |      |   |                 |   |         |  [httpClient:com.eviware.soapui.impl.wsdl.support.http.HttpClientSupport$SoapUIHttpClient@143f711b, ThreadIndex:0, wsdlRequest:com.eviware.soapui.impl.wsdl.teststeps.RestTestRequest@44b57dd, requestTransport:com.eviware.soapui.impl.wsdl.submit.transports.http.HttpClientRequestTransport@19b5ca6b, requestUri:http://maps.googleapis.com/maps/api/geocode/json, httpMethod:com.eviware.soapui.impl.wsdl.submit.transports.http.support.methods.ExtendedGetMethod@1dedc2e5, com.eviware.soapui.impl.wsdl.support.assertions.AssertedXPathsContainer:com.eviware.soapui.impl.wsdl.teststeps.RestRequestStepResult@373b06c4, postMethod:com.eviware.soapui.impl.wsdl.submit.transports.http.support.methods.ExtendedGetMethod@1dedc2e5, RunCount:0, #HTTP_STATE:null, httpResponseProperties:[address:no name city, type:json], httpResponse:com.eviware.soapui.impl.wsdl.submit.transports.http.SinglePartHttpResponse@3676b235, requestContent:]
       |    |      |   |                 |   |         false
       |    |      |   |                 |   Pleasant Valley Drive
       |    |      |   |                 [long_name:Pleasant Valley Drive, short_name:Pleasant Valley Dr, types:[route]]
       |    |      |   [[long_name:20899, short_name:20899, types:[street_number]], [long_name:Pleasant Valley Drive, short_name:Pleasant Valley Dr, types:[route]], [long_name:Sturgis, short_name:Sturgis, types:[locality, political]], [long_name:Southwest Meade, short_name:Southwest Meade, types:[administrative_area_level_3, political]], [long_name:Meade County, short_name:Meade County, types:[administrative_area_level_2, political]], [long_name:South Dakota, short_name:SD, types:[administrative_area_level_1, political]], [long_name:United States, short_name:US, types:[country, political]], [long_name:57785, short_name:57785, types:[postal_code]], [long_name:6404, short_name:6404, types:[postal_code_suffix]]]
       |    |      [address_components:[[long_name:20899, short_name:20899, types:[street_number]], [long_name:Pleasant Valley Drive, short_name:Pleasant Valley Dr, types:[route]], [long_name:Sturgis, short_name:Sturgis, types:[locality, political]], [long_name:Southwest Meade, short_name:Southwest Meade, types:[administrative_area_level_3, political]], [long_name:Meade County, short_name:Meade County, types:[administrative_area_level_2, political]], [long_name:South Dakota, short_name:SD, types:[administrative_area_level_1, political]], [long_name:United States, short_name:US, types:[country, political]], [long_name:57785, short_name:57785, types:[postal_code]], [long_name:6404, short_name:6404, types:[postal_code_suffix]]], formatted_address:20899 Pleasant Valley Dr, Sturgis, SD 57785, USA, geometry:[location:[lat:44.364114, lng:-103.46828], location_type:ROOFTOP, viewport:[northeast:[lat:44.3654629802915, lng:-103.4669310197085], southwest:[lat:44.3627650197085, lng:-103.4696289802915]]], place_id:ChIJPeB3DY5aLVMRcwR9Ykmbcwk, types:[establishment, point_of_interest]]
       |    [[address_components:[[long_name:20899, short_name:20899, types:[street_number]], [long_name:Pleasant Valley Drive, short_name:Pleasant Valley Dr, types:[route]], [long_name:Sturgis, short_name:Sturgis, types:[locality, political]], [long_name:Southwest Meade, short_name:Southwest Meade, types:[administrative_area_level_3, political]], [long_name:Meade County, short_name:Meade County, types:[administrative_area_level_2, political]], [long_name:South Dakota, short_name:SD, types:[administrative_area_level_1, political]], [long_name:United States, short_name:US, types:[country, political]], [long_name:57785, short_name:57785, types:[postal_code]], [long_name:6404, short_name:6404, types:[postal_code_suffix]]], formatted_address:20899 Pleasant Valley Dr, Sturgis, SD 57785, USA, geometry:[location:[lat:44.364114, lng:-103.46828], location_type:ROOFTOP, viewport:[northeast:[lat:44.3654629802915, lng:-103.4669310197085], southwest:[lat:44.3627650197085, lng:-103.4696289802915]]], place_id:ChIJPeB3DY5aLVMRcwR9Ykmbcwk, types:[establishment, point_of_interest]]]
       [results:[[address_components:[[long_name:20899, short_name:20899, types:[street_number]], [long_name:Pleasant Valley Drive, short_name:Pleasant Valley Dr, types:[route]], [long_name:Sturgis, short_name:Sturgis, types:[locality, political]], [long_name:Southwest Meade, short_name:Southwest Meade, types:[administrative_area_level_3, political]], [long_name:Meade County, short_name:Meade County, types:[administrative_area_level_2, political]], [long_name:South Dakota, short_name:SD, types:[administrative_area_level_1, political]], [long_name:United States, short_name:US, types:[country, political]], [long_name:57785, short_name:57785, types:[postal_code]], [long_name:6404, short_name:6404, types:[postal_code_suffix]]], formatted_address:20899 Pleasant Valley Dr, Sturgis, SD 57785, USA, geometry:[location:[lat:44.364114, lng:-103.46828], location_type:ROOFTOP, viewport:[northeast:[lat:44.3654629802915, lng:-103.4669310197085], southwest:[lat:44.3627650197085, lng:-103.4696289802915]]], place_id:ChIJPeB3DY5aLVMRcwR9Ykmbcwk, types:[establishment, point_of_interest]]], status:OK]
</pre><hr/>]]></failure></testcase><testcase name="TestCase 1" time="0.731"><properties><property name="city" value="Sydney"/><property name="state" value="New South Wales"/></properties></testcase><testcase name="Driver" time="5.485"><properties/></testcase></testsuite>